2024-12-16 13:30:43 [main] [] INFO  c.deploytest.DeployTestApplication - Starting DeployTestApplication v0.0.1 using Java 21.0.5 with PID 1 (/app/deploy-application.jar started by root in /app)
2024-12-16 13:30:43 [main] [] INFO  c.deploytest.DeployTestApplication - The following 1 profile is active: "dev"
2024-12-16 13:30:46 [main] [] INFO  o.s.b.w.e.tomcat.TomcatWebServer - Tomcat initialized with port 8080 (http)
2024-12-16 13:30:46 [main] [] INFO  o.a.coyote.http11.Http11NioProtocol - Initializing ProtocolHandler ["http-nio-8080"]
2024-12-16 13:30:46 [main] [] INFO  o.a.catalina.core.StandardService - Starting service [Tomcat]
2024-12-16 13:30:46 [main] [] INFO  o.a.catalina.core.StandardEngine - Starting Servlet engine: [Apache Tomcat/10.1.31]
2024-12-16 13:30:46 [main] [] INFO  o.a.c.c.C.[Tomcat].[localhost].[/] - Initializing Spring embedded WebApplicationContext
2024-12-16 13:30:46 [main] [] INFO  o.s.b.w.s.c.ServletWebServerApplicationContext - Root WebApplicationContext: initialization completed in 2867 ms
2024-12-16 13:30:47 [main] [] INFO  o.a.coyote.http11.Http11NioProtocol - Starting ProtocolHandler ["http-nio-8080"]
2024-12-16 13:30:47 [main] [] INFO  o.s.b.w.e.tomcat.TomcatWebServer - Tomcat started on port 8080 (http) with context path '/'
2024-12-16 13:30:47 [main] [] INFO  c.deploytest.DeployTestApplication - Started DeployTestApplication in 6.319 seconds (process running for 7.966)
2024-12-16 13:30:55 [http-nio-8080-exec-1] [] INFO  o.a.c.c.C.[Tomcat].[localhost].[/] - Initializing Spring DispatcherServlet 'dispatcherServlet'
2024-12-16 13:30:55 [http-nio-8080-exec-1] [] INFO  o.s.web.servlet.DispatcherServlet - Initializing Servlet 'dispatcherServlet'
2024-12-16 13:30:55 [http-nio-8080-exec-1] [] INFO  o.s.web.servlet.DispatcherServlet - Completed initialization in 1 ms
2024-12-16 13:30:55 [http-nio-8080-exec-1] [9c9ba34e-e15d-4722-8e2f-22c4d5565d76] INFO  c.d.controller.HomeController - Health Check
2024-12-16 13:31:12 [http-nio-8080-exec-2] [b924620f-b2df-4e9e-b898-c3a0b9d909b1] INFO  c.d.controller.HomeController - Health Check
2024-12-16 13:31:25 [http-nio-8080-exec-3] [5821a745-30cb-418e-8955-85ba6d35ad84] INFO  c.d.controller.HomeController - Health Check
2024-12-16 13:31:42 [http-nio-8080-exec-4] [91abd40a-55ec-415e-bcdf-93973c06f9f5] INFO  c.d.controller.HomeController - Health Check
2024-12-16 13:31:55 [http-nio-8080-exec-5] [5383ce71-99c2-4eb4-91ea-10be9369bddb] INFO  c.d.controller.HomeController - Health Check
2024-12-16 13:32:12 [http-nio-8080-exec-6] [61bee50f-4528-4861-acac-d931666ed43b] INFO  c.d.controller.HomeController - Health Check
2024-12-16 13:32:22 [http-nio-8080-exec-7] [6145b9d3-9903-438b-ad74-f9eb51661d58] INFO  c.d.controller.HomeController - Request to Home
2024-12-16 13:32:25 [http-nio-8080-exec-8] [414f2151-77b6-4f44-a2ce-7a5cef08943b] INFO  c.d.controller.HomeController - Health Check
2024-12-16 13:32:42 [http-nio-8080-exec-10] [010bfd0b-19be-45cb-98e3-900bee2037d0] INFO  c.d.controller.HomeController - Health Check
2024-12-16 13:32:55 [http-nio-8080-exec-1] [9cefbc50-9eb8-4da5-b6d6-b309c3508a8b] INFO  c.d.controller.HomeController - Health Check
2024-12-16 13:33:12 [http-nio-8080-exec-2] [7df43997-6e9d-4aa1-8df3-e80bd00decd6] INFO  c.d.controller.HomeController - Health Check
2024-12-16 13:33:25 [http-nio-8080-exec-3] [9b6e1772-ccc1-4260-b208-dd2f4620149c] INFO  c.d.controller.HomeController - Health Check
2024-12-16 13:33:42 [http-nio-8080-exec-4] [3dc10c23-3369-42ca-876c-a45b3d30fb07] INFO  c.d.controller.HomeController - Health Check
2024-12-16 13:33:55 [http-nio-8080-exec-5] [e038cacf-44f1-4ce7-b1b0-c503d77da6c2] INFO  c.d.controller.HomeController - Health Check
2024-12-16 13:34:12 [http-nio-8080-exec-6] [780122db-4555-42fb-8fd2-52560da77cf3] INFO  c.d.controller.HomeController - Health Check
2024-12-16 13:34:25 [http-nio-8080-exec-7] [741c040b-1a53-443b-a5a4-a42df798d0be] INFO  c.d.controller.HomeController - Health Check
2024-12-16 13:34:42 [http-nio-8080-exec-8] [8d6f0e6b-4140-41eb-9079-47f9a9405336] INFO  c.d.controller.HomeController - Health Check
